<?xml version="1.0" encoding="UTF-8"?>
<!-- Generated by org.testng.reporters.JUnitReportReporter -->
<testsuite hostname="Rajeshpc" failures="0" tests="1" name="practice.Createroject" time="8.491" errors="0" timestamp="18 Sep 2024 08:23:37 GMT" skipped="0">
  <testcase classname="practice.Createroject" name="practice" time="8.491"/>
</testsuite> <!-- practice.Createroject -->
